The system is: Linux - 4.15.0-140-generic - x86_64
Compiling the C compiler identification source file "CMakeCCompilerId.c" succeeded.
Compiler: /opt/hisi-linux/x86-arm/arm-himix200-linux/bin/arm-himix200-linux-gcc 
Build flags: 
Id flags:  

The output was:
0


Compilation of the C compiler identification source "CMakeCCompilerId.c" produced "a.out"

The C compiler identification is GNU, found in "/home/zhang/C_server/Hi3519_JPG2YUV/cmake-build-debug/CMakeFiles/3.17.5/CompilerIdC/a.out"

Compiling the CXX compiler identification source file "CMakeCXXCompilerId.cpp" succeeded.
Compiler: /opt/hisi-linux/x86-arm/arm-himix200-linux/bin/arm-himix200-linux-g++ 
Build flags: 
Id flags:  

The output was:
0


Compilation of the CXX compiler identification source "CMakeCXXCompilerId.cpp" produced "a.out"

The CXX compiler identification is GNU, found in "/home/zhang/C_server/Hi3519_JPG2YUV/cmake-build-debug/CMakeFiles/3.17.5/CompilerIdCXX/a.out"

Determining if the C compiler works passed with the following output:
Change Dir: /home/zhang/C_server/Hi3519_JPG2YUV/cmake-build-debug/CMakeFiles/CMakeTmp

Run Build Command(s):/usr/bin/make cmTC_71924/fast && /usr/bin/make  -f CMakeFiles/cmTC_71924.dir/build.make CMakeFiles/cmTC_71924.dir/build
make[1]: Entering directory '/home/zhang/C_server/Hi3519_JPG2YUV/cmake-build-debug/CMakeFiles/CMakeTmp'
Building C object CMakeFiles/cmTC_71924.dir/testCCompiler.c.o
/opt/hisi-linux/x86-arm/arm-himix200-linux/bin/arm-himix200-linux-gcc    -o CMakeFiles/cmTC_71924.dir/testCCompiler.c.o   -c /home/zhang/C_server/Hi3519_JPG2YUV/cmake-build-debug/CMakeFiles/CMakeTmp/testCCompiler.c
Linking C executable cmTC_71924
/home/zhang/software/clion-2020.3.2/bin/cmake/linux/bin/cmake -E cmake_link_script CMakeFiles/cmTC_71924.dir/link.txt --verbose=1
/opt/hisi-linux/x86-arm/arm-himix200-linux/bin/arm-himix200-linux-gcc      -rdynamic CMakeFiles/cmTC_71924.dir/testCCompiler.c.o  -o cmTC_71924 
make[1]: Leaving directory '/home/zhang/C_server/Hi3519_JPG2YUV/cmake-build-debug/CMakeFiles/CMakeTmp'



Detecting C compiler ABI info compiled with the following output:
Change Dir: /home/zhang/C_server/Hi3519_JPG2YUV/cmake-build-debug/CMakeFiles/CMakeTmp

Run Build Command(s):/usr/bin/make cmTC_4063e/fast && /usr/bin/make  -f CMakeFiles/cmTC_4063e.dir/build.make CMakeFiles/cmTC_4063e.dir/build
make[1]: Entering directory '/home/zhang/C_server/Hi3519_JPG2YUV/cmake-build-debug/CMakeFiles/CMakeTmp'
Building C object CMakeFiles/cmTC_4063e.dir/CMakeCCompilerABI.c.o
/opt/hisi-linux/x86-arm/arm-himix200-linux/bin/arm-himix200-linux-gcc   -v -o CMakeFiles/cmTC_4063e.dir/CMakeCCompilerABI.c.o   -c /home/zhang/software/clion-2020.3.2/bin/cmake/linux/share/cmake-3.17/Modules/CMakeCCompilerABI.c
Using built-in specs.
COLLECT_GCC=/opt/hisi-linux/x86-arm/arm-himix200-linux/bin/arm-himix200-linux-gcc
Target: arm-linux-gnueabi
Configured with: /usr1/code/CODE_CCTD_V1R2C00/code/current/SDK_CPU_UNIFIED/build/script/arm-himix200-linux/arm_himix200_build_dir/src/gcc-6.3.0/configure --host=i586-suse-linux --build=i586-suse-linux --target=arm-linux-gnueabi --prefix=/usr1/code/CODE_CCTD_V1R2C00/code/current/SDK_CPU_UNIFIED/build/script/arm-himix200-linux/arm_himix200_build_dir/install --enable-threads --disable-libmudflap --disable-libssp --disable-libstdcxx-pch --with-gnu-as --with-gnu-ld --enable-languages=c,c++ --enable-shared --enable-lto --enable-symvers=gnu --enable-__cxa_atexit --enable-nls --enable-clocale=gnu --enable-extra-hisi-multilibs --with-sysroot=/usr1/code/CODE_CCTD_V1R2C00/code/current/SDK_CPU_UNIFIED/build/script/arm-himix200-linux/arm_himix200_build_dir/install/target --with-build-sysroot=/usr1/code/CODE_CCTD_V1R2C00/code/current/SDK_CPU_UNIFIED/build/script/arm-himix200-linux/arm_himix200_build_dir/install/target --with-gmp=/usr1/code/CODE_CCTD_V1R2C00/code/current/SDK_CPU_UNIFIED/build/script/arm-himix200-linux/arm_himix200_build_dir/obj/host-libs/usr --with-mpfr=/usr1/code/CODE_CCTD_V1R2C00/code/current/SDK_CPU_UNIFIED/build/script/arm-himix200-linux/arm_himix200_build_dir/obj/host-libs/usr --with-mpc=/usr1/code/CODE_CCTD_V1R2C00/code/current/SDK_CPU_UNIFIED/build/script/arm-himix200-linux/arm_himix200_build_dir/obj/host-libs/usr --enable-libgomp --disable-libitm --enable-poison-system-directories --with-pkgversion='HC&C V100R002C00B021_20180917'
Thread model: posix
gcc version 6.3.0 (HC&C V100R002C00B021_20180917) 
COLLECT_GCC_OPTIONS='-v' '-o' 'CMakeFiles/cmTC_4063e.dir/CMakeCCompilerABI.c.o' '-c' '-mtls-dialect=gnu'
 /opt/hisi-linux/x86-arm/arm-himix200-linux/host_bin/../libexec/gcc/arm-linux-gnueabi/6.3.0/cc1 -quiet -v -iprefix /opt/hisi-linux/x86-arm/arm-himix200-linux/host_bin/../lib/gcc/arm-linux-gnueabi/6.3.0/ -isysroot /opt/hisi-linux/x86-arm/arm-himix200-linux/host_bin/../target /home/zhang/software/clion-2020.3.2/bin/cmake/linux/share/cmake-3.17/Modules/CMakeCCompilerABI.c -quiet -dumpbase CMakeCCompilerABI.c -mtls-dialect=gnu -auxbase-strip CMakeFiles/cmTC_4063e.dir/CMakeCCompilerABI.c.o -version -o /tmp/cc9Ouk2U.s
GNU C11 (HC&C V100R002C00B021_20180917) version 6.3.0 (arm-linux-gnueabi)
	compiled by GNU C version 4.3.4 [gcc-4_3-branch revision 152973], GMP version 6.1.2, MPFR version 3.1.5, MPC version 1.0.3, isl version none
GGC heuristics: --param ggc-min-expand=100 --param ggc-min-heapsize=131072
ignoring duplicate directory "/opt/hisi-linux/x86-arm/arm-himix200-linux/host_bin/../lib/gcc/../../lib/gcc/arm-linux-gnueabi/6.3.0/include"
ignoring nonexistent directory "/opt/hisi-linux/x86-arm/arm-himix200-linux/host_bin/../target/usr/local/include"
ignoring duplicate directory "/opt/hisi-linux/x86-arm/arm-himix200-linux/host_bin/../lib/gcc/../../lib/gcc/arm-linux-gnueabi/6.3.0/include-fixed"
ignoring duplicate directory "/opt/hisi-linux/x86-arm/arm-himix200-linux/host_bin/../lib/gcc/../../lib/gcc/arm-linux-gnueabi/6.3.0/../../../../arm-linux-gnueabi/include"
#include "..." search starts here:
#include <...> search starts here:
 /opt/hisi-linux/x86-arm/arm-himix200-linux/host_bin/../lib/gcc/arm-linux-gnueabi/6.3.0/include
 /opt/hisi-linux/x86-arm/arm-himix200-linux/host_bin/../lib/gcc/arm-linux-gnueabi/6.3.0/include-fixed
 /opt/hisi-linux/x86-arm/arm-himix200-linux/host_bin/../lib/gcc/arm-linux-gnueabi/6.3.0/../../../../arm-linux-gnueabi/include
 /opt/hisi-linux/x86-arm/arm-himix200-linux/host_bin/../target/usr/include
End of search list.
GNU C11 (HC&C V100R002C00B021_20180917) version 6.3.0 (arm-linux-gnueabi)
	compiled by GNU C version 4.3.4 [gcc-4_3-branch revision 152973], GMP version 6.1.2, MPFR version 3.1.5, MPC version 1.0.3, isl version none
GGC heuristics: --param ggc-min-expand=100 --param ggc-min-heapsize=131072
Compiler executable checksum: 01d6a04ae0a2c85e2df276a9f2530af6
COLLECT_GCC_OPTIONS='-v' '-o' 'CMakeFiles/cmTC_4063e.dir/CMakeCCompilerABI.c.o' '-c' '-mtls-dialect=gnu'
 /opt/hisi-linux/x86-arm/arm-himix200-linux/host_bin/../lib/gcc/arm-linux-gnueabi/6.3.0/../../../../arm-linux-gnueabi/bin/as -v -meabi=5 -o CMakeFiles/cmTC_4063e.dir/CMakeCCompilerABI.c.o /tmp/cc9Ouk2U.s
GNU assembler version 2.29 (arm-linux-gnueabi) using BFD version (GNU Binutils) 2.29
COMPILER_PATH=/opt/hisi-linux/x86-arm/arm-himix200-linux/host_bin/../libexec/gcc/arm-linux-gnueabi/6.3.0/:/opt/hisi-linux/x86-arm/arm-himix200-linux/host_bin/../libexec/gcc/:/opt/hisi-linux/x86-arm/arm-himix200-linux/host_bin/../lib/gcc/arm-linux-gnueabi/6.3.0/../../../../arm-linux-gnueabi/bin/
LIBRARY_PATH=/opt/hisi-linux/x86-arm/arm-himix200-linux/host_bin/../lib/gcc/arm-linux-gnueabi/6.3.0/:/opt/hisi-linux/x86-arm/arm-himix200-linux/host_bin/../lib/gcc/:/opt/hisi-linux/x86-arm/arm-himix200-linux/host_bin/../lib/gcc/arm-linux-gnueabi/6.3.0/../../../../arm-linux-gnueabi/lib/:/opt/hisi-linux/x86-arm/arm-himix200-linux/host_bin/../target/lib/:/opt/hisi-linux/x86-arm/arm-himix200-linux/host_bin/../target/usr/lib/
COLLECT_GCC_OPTIONS='-v' '-o' 'CMakeFiles/cmTC_4063e.dir/CMakeCCompilerABI.c.o' '-c' '-mtls-dialect=gnu'
Linking C executable cmTC_4063e
/home/zhang/software/clion-2020.3.2/bin/cmake/linux/bin/cmake -E cmake_link_script CMakeFiles/cmTC_4063e.dir/link.txt --verbose=1
/opt/hisi-linux/x86-arm/arm-himix200-linux/bin/arm-himix200-linux-gcc     -v -rdynamic CMakeFiles/cmTC_4063e.dir/CMakeCCompilerABI.c.o  -o cmTC_4063e 
Using built-in specs.
COLLECT_GCC=/opt/hisi-linux/x86-arm/arm-himix200-linux/bin/arm-himix200-linux-gcc
COLLECT_LTO_WRAPPER=/opt/hisi-linux/x86-arm/arm-himix200-linux/host_bin/../libexec/gcc/arm-linux-gnueabi/6.3.0/lto-wrapper
Target: arm-linux-gnueabi
Configured with: /usr1/code/CODE_CCTD_V1R2C00/code/current/SDK_CPU_UNIFIED/build/script/arm-himix200-linux/arm_himix200_build_dir/src/gcc-6.3.0/configure --host=i586-suse-linux --build=i586-suse-linux --target=arm-linux-gnueabi --prefix=/usr1/code/CODE_CCTD_V1R2C00/code/current/SDK_CPU_UNIFIED/build/script/arm-himix200-linux/arm_himix200_build_dir/install --enable-threads --disable-libmudflap --disable-libssp --disable-libstdcxx-pch --with-gnu-as --with-gnu-ld --enable-languages=c,c++ --enable-shared --enable-lto --enable-symvers=gnu --enable-__cxa_atexit --enable-nls --enable-clocale=gnu --enable-extra-hisi-multilibs --with-sysroot=/usr1/code/CODE_CCTD_V1R2C00/code/current/SDK_CPU_UNIFIED/build/script/arm-himix200-linux/arm_himix200_build_dir/install/target --with-build-sysroot=/usr1/code/CODE_CCTD_V1R2C00/code/current/SDK_CPU_UNIFIED/build/script/arm-himix200-linux/arm_himix200_build_dir/install/target --with-gmp=/usr1/code/CODE_CCTD_V1R2C00/code/current/SDK_CPU_UNIFIED/build/script/arm-himix200-linux/arm_himix200_build_dir/obj/host-libs/usr --with-mpfr=/usr1/code/CODE_CCTD_V1R2C00/code/current/SDK_CPU_UNIFIED/build/script/arm-himix200-linux/arm_himix200_build_dir/obj/host-libs/usr --with-mpc=/usr1/code/CODE_CCTD_V1R2C00/code/current/SDK_CPU_UNIFIED/build/script/arm-himix200-linux/arm_himix200_build_dir/obj/host-libs/usr --enable-libgomp --disable-libitm --enable-poison-system-directories --with-pkgversion='HC&C V100R002C00B021_20180917'
Thread model: posix
gcc version 6.3.0 (HC&C V100R002C00B021_20180917) 
COMPILER_PATH=/opt/hisi-linux/x86-arm/arm-himix200-linux/host_bin/../libexec/gcc/arm-linux-gnueabi/6.3.0/:/opt/hisi-linux/x86-arm/arm-himix200-linux/host_bin/../libexec/gcc/:/opt/hisi-linux/x86-arm/arm-himix200-linux/host_bin/../lib/gcc/arm-linux-gnueabi/6.3.0/../../../../arm-linux-gnueabi/bin/
LIBRARY_PATH=/opt/hisi-linux/x86-arm/arm-himix200-linux/host_bin/../lib/gcc/arm-linux-gnueabi/6.3.0/:/opt/hisi-linux/x86-arm/arm-himix200-linux/host_bin/../lib/gcc/:/opt/hisi-linux/x86-arm/arm-himix200-linux/host_bin/../lib/gcc/arm-linux-gnueabi/6.3.0/../../../../arm-linux-gnueabi/lib/:/opt/hisi-linux/x86-arm/arm-himix200-linux/host_bin/../target/lib/:/opt/hisi-linux/x86-arm/arm-himix200-linux/host_bin/../target/usr/lib/
COLLECT_GCC_OPTIONS='-v' '-rdynamic' '-o' 'cmTC_4063e' '-mtls-dialect=gnu'
 /opt/hisi-linux/x86-arm/arm-himix200-linux/host_bin/../libexec/gcc/arm-linux-gnueabi/6.3.0/collect2 --sysroot=/opt/hisi-linux/x86-arm/arm-himix200-linux/host_bin/../target --eh-frame-hdr -export-dynamic -dynamic-linker /lib/ld-linux.so.3 -X -m armelf_linux_eabi -o cmTC_4063e /opt/hisi-linux/x86-arm/arm-himix200-linux/host_bin/../target/usr/lib/crt1.o /opt/hisi-linux/x86-arm/arm-himix200-linux/host_bin/../target/usr/lib/crti.o /opt/hisi-linux/x86-arm/arm-himix200-linux/host_bin/../lib/gcc/arm-linux-gnueabi/6.3.0/crtbegin.o -L/opt/hisi-linux/x86-arm/arm-himix200-linux/host_bin/../lib/gcc/arm-linux-gnueabi/6.3.0 -L/opt/hisi-linux/x86-arm/arm-himix200-linux/host_bin/../lib/gcc -L/opt/hisi-linux/x86-arm/arm-himix200-linux/host_bin/../lib/gcc/arm-linux-gnueabi/6.3.0/../../../../arm-linux-gnueabi/lib -L/opt/hisi-linux/x86-arm/arm-himix200-linux/host_bin/../target/lib -L/opt/hisi-linux/x86-arm/arm-himix200-linux/host_bin/../target/usr/lib CMakeFiles/cmTC_4063e.dir/CMakeCCompilerABI.c.o -lgcc --as-needed -lgcc_s --no-as-needed -lc -lgcc --as-needed -lgcc_s --no-as-needed /opt/hisi-linux/x86-arm/arm-himix200-linux/host_bin/../lib/gcc/arm-linux-gnueabi/6.3.0/crtend.o /opt/hisi-linux/x86-arm/arm-himix200-linux/host_bin/../target/usr/lib/crtn.o
COLLECT_GCC_OPTIONS='-v' '-rdynamic' '-o' 'cmTC_4063e' '-mtls-dialect=gnu'
make[1]: Leaving directory '/home/zhang/C_server/Hi3519_JPG2YUV/cmake-build-debug/CMakeFiles/CMakeTmp'



Parsed C implicit include dir info from above output: rv=done
  found start of include info
  found start of implicit include info
    add: [/opt/hisi-linux/x86-arm/arm-himix200-linux/host_bin/../lib/gcc/arm-linux-gnueabi/6.3.0/include]
    add: [/opt/hisi-linux/x86-arm/arm-himix200-linux/host_bin/../lib/gcc/arm-linux-gnueabi/6.3.0/include-fixed]
    add: [/opt/hisi-linux/x86-arm/arm-himix200-linux/host_bin/../lib/gcc/arm-linux-gnueabi/6.3.0/../../../../arm-linux-gnueabi/include]
    add: [/opt/hisi-linux/x86-arm/arm-himix200-linux/host_bin/../target/usr/include]
  end of search list found
  collapse include dir [/opt/hisi-linux/x86-arm/arm-himix200-linux/host_bin/../lib/gcc/arm-linux-gnueabi/6.3.0/include] ==> [/opt/hisi-linux/x86-arm/arm-himix200-linux/lib/gcc/arm-linux-gnueabi/6.3.0/include]
  collapse include dir [/opt/hisi-linux/x86-arm/arm-himix200-linux/host_bin/../lib/gcc/arm-linux-gnueabi/6.3.0/include-fixed] ==> [/opt/hisi-linux/x86-arm/arm-himix200-linux/lib/gcc/arm-linux-gnueabi/6.3.0/include-fixed]
  collapse include dir [/opt/hisi-linux/x86-arm/arm-himix200-linux/host_bin/../lib/gcc/arm-linux-gnueabi/6.3.0/../../../../arm-linux-gnueabi/include] ==> [/opt/hisi-linux/x86-arm/arm-himix200-linux/arm-linux-gnueabi/include]
  collapse include dir [/opt/hisi-linux/x86-arm/arm-himix200-linux/host_bin/../target/usr/include] ==> [/opt/hisi-linux/x86-arm/arm-himix200-linux/target/usr/include]
  implicit include dirs: [/opt/hisi-linux/x86-arm/arm-himix200-linux/lib/gcc/arm-linux-gnueabi/6.3.0/include;/opt/hisi-linux/x86-arm/arm-himix200-linux/lib/gcc/arm-linux-gnueabi/6.3.0/include-fixed;/opt/hisi-linux/x86-arm/arm-himix200-linux/arm-linux-gnueabi/include;/opt/hisi-linux/x86-arm/arm-himix200-linux/target/usr/include]


Parsed C implicit link information from above output:
  link line regex: [^( *|.*[/\])(ld|CMAKE_LINK_STARTFILE-NOTFOUND|([^/\]+-)?ld|collect2)[^/\]*( |$)]
  ignore line: [Change Dir: /home/zhang/C_server/Hi3519_JPG2YUV/cmake-build-debug/CMakeFiles/CMakeTmp]
  ignore line: []
  ignore line: [Run Build Command(s):/usr/bin/make cmTC_4063e/fast && /usr/bin/make  -f CMakeFiles/cmTC_4063e.dir/build.make CMakeFiles/cmTC_4063e.dir/build]
  ignore line: [make[1]: Entering directory '/home/zhang/C_server/Hi3519_JPG2YUV/cmake-build-debug/CMakeFiles/CMakeTmp']
  ignore line: [Building C object CMakeFiles/cmTC_4063e.dir/CMakeCCompilerABI.c.o]
  ignore line: [/opt/hisi-linux/x86-arm/arm-himix200-linux/bin/arm-himix200-linux-gcc   -v -o CMakeFiles/cmTC_4063e.dir/CMakeCCompilerABI.c.o   -c /home/zhang/software/clion-2020.3.2/bin/cmake/linux/share/cmake-3.17/Modules/CMakeCCompilerABI.c]
  ignore line: [Using built-in specs.]
  ignore line: [COLLECT_GCC=/opt/hisi-linux/x86-arm/arm-himix200-linux/bin/arm-himix200-linux-gcc]
  ignore line: [Target: arm-linux-gnueabi]
  ignore line: [Configured with: /usr1/code/CODE_CCTD_V1R2C00/code/current/SDK_CPU_UNIFIED/build/script/arm-himix200-linux/arm_himix200_build_dir/src/gcc-6.3.0/configure --host=i586-suse-linux --build=i586-suse-linux --target=arm-linux-gnueabi --prefix=/usr1/code/CODE_CCTD_V1R2C00/code/current/SDK_CPU_UNIFIED/build/script/arm-himix200-linux/arm_himix200_build_dir/install --enable-threads --disable-libmudflap --disable-libssp --disable-libstdcxx-pch --with-gnu-as --with-gnu-ld --enable-languages=c,c++ --enable-shared --enable-lto --enable-symvers=gnu --enable-__cxa_atexit --enable-nls --enable-clocale=gnu --enable-extra-hisi-multilibs --with-sysroot=/usr1/code/CODE_CCTD_V1R2C00/code/current/SDK_CPU_UNIFIED/build/script/arm-himix200-linux/arm_himix200_build_dir/install/target --with-build-sysroot=/usr1/code/CODE_CCTD_V1R2C00/code/current/SDK_CPU_UNIFIED/build/script/arm-himix200-linux/arm_himix200_build_dir/install/target --with-gmp=/usr1/code/CODE_CCTD_V1R2C00/code/current/SDK_CPU_UNIFIED/build/script/arm-himix200-linux/arm_himix200_build_dir/obj/host-libs/usr --with-mpfr=/usr1/code/CODE_CCTD_V1R2C00/code/current/SDK_CPU_UNIFIED/build/script/arm-himix200-linux/arm_himix200_build_dir/obj/host-libs/usr --with-mpc=/usr1/code/CODE_CCTD_V1R2C00/code/current/SDK_CPU_UNIFIED/build/script/arm-himix200-linux/arm_himix200_build_dir/obj/host-libs/usr --enable-libgomp --disable-libitm --enable-poison-system-directories --with-pkgversion='HC&C V100R002C00B021_20180917']
  ignore line: [Thread model: posix]
  ignore line: [gcc version 6.3.0 (HC&C V100R002C00B021_20180917) ]
  ignore line: [COLLECT_GCC_OPTIONS='-v' '-o' 'CMakeFiles/cmTC_4063e.dir/CMakeCCompilerABI.c.o' '-c' '-mtls-dialect=gnu']
  ignore line: [ /opt/hisi-linux/x86-arm/arm-himix200-linux/host_bin/../libexec/gcc/arm-linux-gnueabi/6.3.0/cc1 -quiet -v -iprefix /opt/hisi-linux/x86-arm/arm-himix200-linux/host_bin/../lib/gcc/arm-linux-gnueabi/6.3.0/ -isysroot /opt/hisi-linux/x86-arm/arm-himix200-linux/host_bin/../target /home/zhang/software/clion-2020.3.2/bin/cmake/linux/share/cmake-3.17/Modules/CMakeCCompilerABI.c -quiet -dumpbase CMakeCCompilerABI.c -mtls-dialect=gnu -auxbase-strip CMakeFiles/cmTC_4063e.dir/CMakeCCompilerABI.c.o -version -o /tmp/cc9Ouk2U.s]
  ignore line: [GNU C11 (HC&C V100R002C00B021_20180917) version 6.3.0 (arm-linux-gnueabi)]
  ignore line: [	compiled by GNU C version 4.3.4 [gcc-4_3-branch revision 152973]  GMP version 6.1.2  MPFR version 3.1.5  MPC version 1.0.3  isl version none]
  ignore line: [GGC heuristics: --param ggc-min-expand=100 --param ggc-min-heapsize=131072]
  ignore line: [ignoring duplicate directory "/opt/hisi-linux/x86-arm/arm-himix200-linux/host_bin/../lib/gcc/../../lib/gcc/arm-linux-gnueabi/6.3.0/include"]
  ignore line: [ignoring nonexistent directory "/opt/hisi-linux/x86-arm/arm-himix200-linux/host_bin/../target/usr/local/include"]
  ignore line: [ignoring duplicate directory "/opt/hisi-linux/x86-arm/arm-himix200-linux/host_bin/../lib/gcc/../../lib/gcc/arm-linux-gnueabi/6.3.0/include-fixed"]
  ignore line: [ignoring duplicate directory "/opt/hisi-linux/x86-arm/arm-himix200-linux/host_bin/../lib/gcc/../../lib/gcc/arm-linux-gnueabi/6.3.0/../../../../arm-linux-gnueabi/include"]
  ignore line: [#include "..." search starts here:]
  ignore line: [#include <...> search starts here:]
  ignore line: [ /opt/hisi-linux/x86-arm/arm-himix200-linux/host_bin/../lib/gcc/arm-linux-gnueabi/6.3.0/include]
  ignore line: [ /opt/hisi-linux/x86-arm/arm-himix200-linux/host_bin/../lib/gcc/arm-linux-gnueabi/6.3.0/include-fixed]
  ignore line: [ /opt/hisi-linux/x86-arm/arm-himix200-linux/host_bin/../lib/gcc/arm-linux-gnueabi/6.3.0/../../../../arm-linux-gnueabi/include]
  ignore line: [ /opt/hisi-linux/x86-arm/arm-himix200-linux/host_bin/../target/usr/include]
  ignore line: [End of search list.]
  ignore line: [GNU C11 (HC&C V100R002C00B021_20180917) version 6.3.0 (arm-linux-gnueabi)]
  ignore line: [	compiled by GNU C version 4.3.4 [gcc-4_3-branch revision 152973]  GMP version 6.1.2  MPFR version 3.1.5  MPC version 1.0.3  isl version none]
  ignore line: [GGC heuristics: --param ggc-min-expand=100 --param ggc-min-heapsize=131072]
  ignore line: [Compiler executable checksum: 01d6a04ae0a2c85e2df276a9f2530af6]
  ignore line: [COLLECT_GCC_OPTIONS='-v' '-o' 'CMakeFiles/cmTC_4063e.dir/CMakeCCompilerABI.c.o' '-c' '-mtls-dialect=gnu']
  ignore line: [ /opt/hisi-linux/x86-arm/arm-himix200-linux/host_bin/../lib/gcc/arm-linux-gnueabi/6.3.0/../../../../arm-linux-gnueabi/bin/as -v -meabi=5 -o CMakeFiles/cmTC_4063e.dir/CMakeCCompilerABI.c.o /tmp/cc9Ouk2U.s]
  ignore line: [GNU assembler version 2.29 (arm-linux-gnueabi) using BFD version (GNU Binutils) 2.29]
  ignore line: [COMPILER_PATH=/opt/hisi-linux/x86-arm/arm-himix200-linux/host_bin/../libexec/gcc/arm-linux-gnueabi/6.3.0/:/opt/hisi-linux/x86-arm/arm-himix200-linux/host_bin/../libexec/gcc/:/opt/hisi-linux/x86-arm/arm-himix200-linux/host_bin/../lib/gcc/arm-linux-gnueabi/6.3.0/../../../../arm-linux-gnueabi/bin/]
  ignore line: [LIBRARY_PATH=/opt/hisi-linux/x86-arm/arm-himix200-linux/host_bin/../lib/gcc/arm-linux-gnueabi/6.3.0/:/opt/hisi-linux/x86-arm/arm-himix200-linux/host_bin/../lib/gcc/:/opt/hisi-linux/x86-arm/arm-himix200-linux/host_bin/../lib/gcc/arm-linux-gnueabi/6.3.0/../../../../arm-linux-gnueabi/lib/:/opt/hisi-linux/x86-arm/arm-himix200-linux/host_bin/../target/lib/:/opt/hisi-linux/x86-arm/arm-himix200-linux/host_bin/../target/usr/lib/]
  ignore line: [COLLECT_GCC_OPTIONS='-v' '-o' 'CMakeFiles/cmTC_4063e.dir/CMakeCCompilerABI.c.o' '-c' '-mtls-dialect=gnu']
  ignore line: [Linking C executable cmTC_4063e]
  ignore line: [/home/zhang/software/clion-2020.3.2/bin/cmake/linux/bin/cmake -E cmake_link_script CMakeFiles/cmTC_4063e.dir/link.txt --verbose=1]
  ignore line: [/opt/hisi-linux/x86-arm/arm-himix200-linux/bin/arm-himix200-linux-gcc     -v -rdynamic CMakeFiles/cmTC_4063e.dir/CMakeCCompilerABI.c.o  -o cmTC_4063e ]
  ignore line: [Using built-in specs.]
  ignore line: [COLLECT_GCC=/opt/hisi-linux/x86-arm/arm-himix200-linux/bin/arm-himix200-linux-gcc]
  ignore line: [COLLECT_LTO_WRAPPER=/opt/hisi-linux/x86-arm/arm-himix200-linux/host_bin/../libexec/gcc/arm-linux-gnueabi/6.3.0/lto-wrapper]
  ignore line: [Target: arm-linux-gnueabi]
  ignore line: [Configured with: /usr1/code/CODE_CCTD_V1R2C00/code/current/SDK_CPU_UNIFIED/build/script/arm-himix200-linux/arm_himix200_build_dir/src/gcc-6.3.0/configure --host=i586-suse-linux --build=i586-suse-linux --target=arm-linux-gnueabi --prefix=/usr1/code/CODE_CCTD_V1R2C00/code/current/SDK_CPU_UNIFIED/build/script/arm-himix200-linux/arm_himix200_build_dir/install --enable-threads --disable-libmudflap --disable-libssp --disable-libstdcxx-pch --with-gnu-as --with-gnu-ld --enable-languages=c,c++ --enable-shared --enable-lto --enable-symvers=gnu --enable-__cxa_atexit --enable-nls --enable-clocale=gnu --enable-extra-hisi-multilibs --with-sysroot=/usr1/code/CODE_CCTD_V1R2C00/code/current/SDK_CPU_UNIFIED/build/script/arm-himix200-linux/arm_himix200_build_dir/install/target --with-build-sysroot=/usr1/code/CODE_CCTD_V1R2C00/code/current/SDK_CPU_UNIFIED/build/script/arm-himix200-linux/arm_himix200_build_dir/install/target --with-gmp=/usr1/code/CODE_CCTD_V1R2C00/code/current/SDK_CPU_UNIFIED/build/script/arm-himix200-linux/arm_himix200_build_dir/obj/host-libs/usr --with-mpfr=/usr1/code/CODE_CCTD_V1R2C00/code/current/SDK_CPU_UNIFIED/build/script/arm-himix200-linux/arm_himix200_build_dir/obj/host-libs/usr --with-mpc=/usr1/code/CODE_CCTD_V1R2C00/code/current/SDK_CPU_UNIFIED/build/script/arm-himix200-linux/arm_himix200_build_dir/obj/host-libs/usr --enable-libgomp --disable-libitm --enable-poison-system-directories --with-pkgversion='HC&C V100R002C00B021_20180917']
  ignore line: [Thread model: posix]
  ignore line: [gcc version 6.3.0 (HC&C V100R002C00B021_20180917) ]
  ignore line: [COMPILER_PATH=/opt/hisi-linux/x86-arm/arm-himix200-linux/host_bin/../libexec/gcc/arm-linux-gnueabi/6.3.0/:/opt/hisi-linux/x86-arm/arm-himix200-linux/host_bin/../libexec/gcc/:/opt/hisi-linux/x86-arm/arm-himix200-linux/host_bin/../lib/gcc/arm-linux-gnueabi/6.3.0/../../../../arm-linux-gnueabi/bin/]
  ignore line: [LIBRARY_PATH=/opt/hisi-linux/x86-arm/arm-himix200-linux/host_bin/../lib/gcc/arm-linux-gnueabi/6.3.0/:/opt/hisi-linux/x86-arm/arm-himix200-linux/host_bin/../lib/gcc/:/opt/hisi-linux/x86-arm/arm-himix200-linux/host_bin/../lib/gcc/arm-linux-gnueabi/6.3.0/../../../../arm-linux-gnueabi/lib/:/opt/hisi-linux/x86-arm/arm-himix200-linux/host_bin/../target/lib/:/opt/hisi-linux/x86-arm/arm-himix200-linux/host_bin/../target/usr/lib/]
  ignore line: [COLLECT_GCC_OPTIONS='-v' '-rdynamic' '-o' 'cmTC_4063e' '-mtls-dialect=gnu']
  link line: [ /opt/hisi-linux/x86-arm/arm-himix200-linux/host_bin/../libexec/gcc/arm-linux-gnueabi/6.3.0/collect2 --sysroot=/opt/hisi-linux/x86-arm/arm-himix200-linux/host_bin/../target --eh-frame-hdr -export-dynamic -dynamic-linker /lib/ld-linux.so.3 -X -m armelf_linux_eabi -o cmTC_4063e /opt/hisi-linux/x86-arm/arm-himix200-linux/host_bin/../target/usr/lib/crt1.o /opt/hisi-linux/x86-arm/arm-himix200-linux/host_bin/../target/usr/lib/crti.o /opt/hisi-linux/x86-arm/arm-himix200-linux/host_bin/../lib/gcc/arm-linux-gnueabi/6.3.0/crtbegin.o -L/opt/hisi-linux/x86-arm/arm-himix200-linux/host_bin/../lib/gcc/arm-linux-gnueabi/6.3.0 -L/opt/hisi-linux/x86-arm/arm-himix200-linux/host_bin/../lib/gcc -L/opt/hisi-linux/x86-arm/arm-himix200-linux/host_bin/../lib/gcc/arm-linux-gnueabi/6.3.0/../../../../arm-linux-gnueabi/lib -L/opt/hisi-linux/x86-arm/arm-himix200-linux/host_bin/../target/lib -L/opt/hisi-linux/x86-arm/arm-himix200-linux/host_bin/../target/usr/lib CMakeFiles/cmTC_4063e.dir/CMakeCCompilerABI.c.o -lgcc --as-needed -lgcc_s --no-as-needed -lc -lgcc --as-needed -lgcc_s --no-as-needed /opt/hisi-linux/x86-arm/arm-himix200-linux/host_bin/../lib/gcc/arm-linux-gnueabi/6.3.0/crtend.o /opt/hisi-linux/x86-arm/arm-himix200-linux/host_bin/../target/usr/lib/crtn.o]
    arg [/opt/hisi-linux/x86-arm/arm-himix200-linux/host_bin/../libexec/gcc/arm-linux-gnueabi/6.3.0/collect2] ==> ignore
    arg [--sysroot=/opt/hisi-linux/x86-arm/arm-himix200-linux/host_bin/../target] ==> ignore
    arg [--eh-frame-hdr] ==> ignore
    arg [-export-dynamic] ==> ignore
    arg [-dynamic-linker] ==> ignore
    arg [/lib/ld-linux.so.3] ==> ignore
    arg [-X] ==> ignore
    arg [-m] ==> ignore
    arg [armelf_linux_eabi] ==> ignore
    arg [-o] ==> ignore
    arg [cmTC_4063e] ==> ignore
    arg [/opt/hisi-linux/x86-arm/arm-himix200-linux/host_bin/../target/usr/lib/crt1.o] ==> ignore
    arg [/opt/hisi-linux/x86-arm/arm-himix200-linux/host_bin/../target/usr/lib/crti.o] ==> ignore
    arg [/opt/hisi-linux/x86-arm/arm-himix200-linux/host_bin/../lib/gcc/arm-linux-gnueabi/6.3.0/crtbegin.o] ==> ignore
    arg [-L/opt/hisi-linux/x86-arm/arm-himix200-linux/host_bin/../lib/gcc/arm-linux-gnueabi/6.3.0] ==> dir [/opt/hisi-linux/x86-arm/arm-himix200-linux/host_bin/../lib/gcc/arm-linux-gnueabi/6.3.0]
    arg [-L/opt/hisi-linux/x86-arm/arm-himix200-linux/host_bin/../lib/gcc] ==> dir [/opt/hisi-linux/x86-arm/arm-himix200-linux/host_bin/../lib/gcc]
    arg [-L/opt/hisi-linux/x86-arm/arm-himix200-linux/host_bin/../lib/gcc/arm-linux-gnueabi/6.3.0/../../../../arm-linux-gnueabi/lib] ==> dir [/opt/hisi-linux/x86-arm/arm-himix200-linux/host_bin/../lib/gcc/arm-linux-gnueabi/6.3.0/../../../../arm-linux-gnueabi/lib]
    arg [-L/opt/hisi-linux/x86-arm/arm-himix200-linux/host_bin/../target/lib] ==> dir [/opt/hisi-linux/x86-arm/arm-himix200-linux/host_bin/../target/lib]
    arg [-L/opt/hisi-linux/x86-arm/arm-himix200-linux/host_bin/../target/usr/lib] ==> dir [/opt/hisi-linux/x86-arm/arm-himix200-linux/host_bin/../target/usr/lib]
    arg [CMakeFiles/cmTC_4063e.dir/CMakeCCompilerABI.c.o] ==> ignore
    arg [-lgcc] ==> lib [gcc]
    arg [--as-needed] ==> ignore
    arg [-lgcc_s] ==> lib [gcc_s]
    arg [--no-as-needed] ==> ignore
    arg [-lc] ==> lib [c]
    arg [-lgcc] ==> lib [gcc]
    arg [--as-needed] ==> ignore
    arg [-lgcc_s] ==> lib [gcc_s]
    arg [--no-as-needed] ==> ignore
    arg [/opt/hisi-linux/x86-arm/arm-himix200-linux/host_bin/../lib/gcc/arm-linux-gnueabi/6.3.0/crtend.o] ==> ignore
    arg [/opt/hisi-linux/x86-arm/arm-himix200-linux/host_bin/../target/usr/lib/crtn.o] ==> ignore
  collapse library dir [/opt/hisi-linux/x86-arm/arm-himix200-linux/host_bin/../lib/gcc/arm-linux-gnueabi/6.3.0] ==> [/opt/hisi-linux/x86-arm/arm-himix200-linux/lib/gcc/arm-linux-gnueabi/6.3.0]
  collapse library dir [/opt/hisi-linux/x86-arm/arm-himix200-linux/host_bin/../lib/gcc] ==> [/opt/hisi-linux/x86-arm/arm-himix200-linux/lib/gcc]
  collapse library dir [/opt/hisi-linux/x86-arm/arm-himix200-linux/host_bin/../lib/gcc/arm-linux-gnueabi/6.3.0/../../../../arm-linux-gnueabi/lib] ==> [/opt/hisi-linux/x86-arm/arm-himix200-linux/arm-linux-gnueabi/lib]
  collapse library dir [/opt/hisi-linux/x86-arm/arm-himix200-linux/host_bin/../target/lib] ==> [/opt/hisi-linux/x86-arm/arm-himix200-linux/target/lib]
  collapse library dir [/opt/hisi-linux/x86-arm/arm-himix200-linux/host_bin/../target/usr/lib] ==> [/opt/hisi-linux/x86-arm/arm-himix200-linux/target/usr/lib]
  implicit libs: [gcc;gcc_s;c;gcc;gcc_s]
  implicit dirs: [/opt/hisi-linux/x86-arm/arm-himix200-linux/lib/gcc/arm-linux-gnueabi/6.3.0;/opt/hisi-linux/x86-arm/arm-himix200-linux/lib/gcc;/opt/hisi-linux/x86-arm/arm-himix200-linux/arm-linux-gnueabi/lib;/opt/hisi-linux/x86-arm/arm-himix200-linux/target/lib;/opt/hisi-linux/x86-arm/arm-himix200-linux/target/usr/lib]
  implicit fwks: []


Determining if the CXX compiler works passed with the following output:
Change Dir: /home/zhang/C_server/Hi3519_JPG2YUV/cmake-build-debug/CMakeFiles/CMakeTmp

Run Build Command(s):/usr/bin/make cmTC_cb25e/fast && /usr/bin/make  -f CMakeFiles/cmTC_cb25e.dir/build.make CMakeFiles/cmTC_cb25e.dir/build
make[1]: Entering directory '/home/zhang/C_server/Hi3519_JPG2YUV/cmake-build-debug/CMakeFiles/CMakeTmp'
Building CXX object CMakeFiles/cmTC_cb25e.dir/testCXXCompiler.cxx.o
/opt/hisi-linux/x86-arm/arm-himix200-linux/bin/arm-himix200-linux-g++     -o CMakeFiles/cmTC_cb25e.dir/testCXXCompiler.cxx.o -c /home/zhang/C_server/Hi3519_JPG2YUV/cmake-build-debug/CMakeFiles/CMakeTmp/testCXXCompiler.cxx
Linking CXX executable cmTC_cb25e
/home/zhang/software/clion-2020.3.2/bin/cmake/linux/bin/cmake -E cmake_link_script CMakeFiles/cmTC_cb25e.dir/link.txt --verbose=1
/opt/hisi-linux/x86-arm/arm-himix200-linux/bin/arm-himix200-linux-g++       -rdynamic CMakeFiles/cmTC_cb25e.dir/testCXXCompiler.cxx.o  -o cmTC_cb25e 
make[1]: Leaving directory '/home/zhang/C_server/Hi3519_JPG2YUV/cmake-build-debug/CMakeFiles/CMakeTmp'



Detecting CXX compiler ABI info compiled with the following output:
Change Dir: /home/zhang/C_server/Hi3519_JPG2YUV/cmake-build-debug/CMakeFiles/CMakeTmp

Run Build Command(s):/usr/bin/make cmTC_87ae7/fast && /usr/bin/make  -f CMakeFiles/cmTC_87ae7.dir/build.make CMakeFiles/cmTC_87ae7.dir/build
make[1]: Entering directory '/home/zhang/C_server/Hi3519_JPG2YUV/cmake-build-debug/CMakeFiles/CMakeTmp'
Building CXX object CMakeFiles/cmTC_87ae7.dir/CMakeCXXCompilerABI.cpp.o
/opt/hisi-linux/x86-arm/arm-himix200-linux/bin/arm-himix200-linux-g++    -v -o CMakeFiles/cmTC_87ae7.dir/CMakeCXXCompilerABI.cpp.o -c /home/zhang/software/clion-2020.3.2/bin/cmake/linux/share/cmake-3.17/Modules/CMakeCXXCompilerABI.cpp
Using built-in specs.
COLLECT_GCC=/opt/hisi-linux/x86-arm/arm-himix200-linux/bin/arm-himix200-linux-g++
Target: arm-linux-gnueabi
Configured with: /usr1/code/CODE_CCTD_V1R2C00/code/current/SDK_CPU_UNIFIED/build/script/arm-himix200-linux/arm_himix200_build_dir/src/gcc-6.3.0/configure --host=i586-suse-linux --build=i586-suse-linux --target=arm-linux-gnueabi --prefix=/usr1/code/CODE_CCTD_V1R2C00/code/current/SDK_CPU_UNIFIED/build/script/arm-himix200-linux/arm_himix200_build_dir/install --enable-threads --disable-libmudflap --disable-libssp --disable-libstdcxx-pch --with-gnu-as --with-gnu-ld --enable-languages=c,c++ --enable-shared --enable-lto --enable-symvers=gnu --enable-__cxa_atexit --enable-nls --enable-clocale=gnu --enable-extra-hisi-multilibs --with-sysroot=/usr1/code/CODE_CCTD_V1R2C00/code/current/SDK_CPU_UNIFIED/build/script/arm-himix200-linux/arm_himix200_build_dir/install/target --with-build-sysroot=/usr1/code/CODE_CCTD_V1R2C00/code/current/SDK_CPU_UNIFIED/build/script/arm-himix200-linux/arm_himix200_build_dir/install/target --with-gmp=/usr1/code/CODE_CCTD_V1R2C00/code/current/SDK_CPU_UNIFIED/build/script/arm-himix200-linux/arm_himix200_build_dir/obj/host-libs/usr --with-mpfr=/usr1/code/CODE_CCTD_V1R2C00/code/current/SDK_CPU_UNIFIED/build/script/arm-himix200-linux/arm_himix200_build_dir/obj/host-libs/usr --with-mpc=/usr1/code/CODE_CCTD_V1R2C00/code/current/SDK_CPU_UNIFIED/build/script/arm-himix200-linux/arm_himix200_build_dir/obj/host-libs/usr --enable-libgomp --disable-libitm --enable-poison-system-directories --with-pkgversion='HC&C V100R002C00B021_20180917'
Thread model: posix
gcc version 6.3.0 (HC&C V100R002C00B021_20180917) 
COLLECT_GCC_OPTIONS='-v' '-o' 'CMakeFiles/cmTC_87ae7.dir/CMakeCXXCompilerABI.cpp.o' '-c' '-shared-libgcc' '-mtls-dialect=gnu'
 /opt/hisi-linux/x86-arm/arm-himix200-linux/host_bin/../libexec/gcc/arm-linux-gnueabi/6.3.0/cc1plus -quiet -v -iprefix /opt/hisi-linux/x86-arm/arm-himix200-linux/host_bin/../lib/gcc/arm-linux-gnueabi/6.3.0/ -isysroot /opt/hisi-linux/x86-arm/arm-himix200-linux/host_bin/../target -D_GNU_SOURCE /home/zhang/software/clion-2020.3.2/bin/cmake/linux/share/cmake-3.17/Modules/CMakeCXXCompilerABI.cpp -quiet -dumpbase CMakeCXXCompilerABI.cpp -mtls-dialect=gnu -auxbase-strip CMakeFiles/cmTC_87ae7.dir/CMakeCXXCompilerABI.cpp.o -version -o /tmp/ccqyHLmj.s
GNU C++14 (HC&C V100R002C00B021_20180917) version 6.3.0 (arm-linux-gnueabi)
	compiled by GNU C version 4.3.4 [gcc-4_3-branch revision 152973], GMP version 6.1.2, MPFR version 3.1.5, MPC version 1.0.3, isl version none
GGC heuristics: --param ggc-min-expand=100 --param ggc-min-heapsize=131072
ignoring duplicate directory "/opt/hisi-linux/x86-arm/arm-himix200-linux/host_bin/../lib/gcc/../../lib/gcc/arm-linux-gnueabi/6.3.0/../../../../arm-linux-gnueabi/include/c++/6.3.0"
ignoring duplicate directory "/opt/hisi-linux/x86-arm/arm-himix200-linux/host_bin/../lib/gcc/../../lib/gcc/arm-linux-gnueabi/6.3.0/../../../../arm-linux-gnueabi/include/c++/6.3.0/arm-linux-gnueabi"
ignoring duplicate directory "/opt/hisi-linux/x86-arm/arm-himix200-linux/host_bin/../lib/gcc/../../lib/gcc/arm-linux-gnueabi/6.3.0/../../../../arm-linux-gnueabi/include/c++/6.3.0/backward"
ignoring duplicate directory "/opt/hisi-linux/x86-arm/arm-himix200-linux/host_bin/../lib/gcc/../../lib/gcc/arm-linux-gnueabi/6.3.0/include"
ignoring nonexistent directory "/opt/hisi-linux/x86-arm/arm-himix200-linux/host_bin/../target/usr/local/include"
ignoring duplicate directory "/opt/hisi-linux/x86-arm/arm-himix200-linux/host_bin/../lib/gcc/../../lib/gcc/arm-linux-gnueabi/6.3.0/include-fixed"
ignoring duplicate directory "/opt/hisi-linux/x86-arm/arm-himix200-linux/host_bin/../lib/gcc/../../lib/gcc/arm-linux-gnueabi/6.3.0/../../../../arm-linux-gnueabi/include"
#include "..." search starts here:
#include <...> search starts here:
 /opt/hisi-linux/x86-arm/arm-himix200-linux/host_bin/../lib/gcc/arm-linux-gnueabi/6.3.0/../../../../arm-linux-gnueabi/include/c++/6.3.0
 /opt/hisi-linux/x86-arm/arm-himix200-linux/host_bin/../lib/gcc/arm-linux-gnueabi/6.3.0/../../../../arm-linux-gnueabi/include/c++/6.3.0/arm-linux-gnueabi
 /opt/hisi-linux/x86-arm/arm-himix200-linux/host_bin/../lib/gcc/arm-linux-gnueabi/6.3.0/../../../../arm-linux-gnueabi/include/c++/6.3.0/backward
 /opt/hisi-linux/x86-arm/arm-himix200-linux/host_bin/../lib/gcc/arm-linux-gnueabi/6.3.0/include
 /opt/hisi-linux/x86-arm/arm-himix200-linux/host_bin/../lib/gcc/arm-linux-gnueabi/6.3.0/include-fixed
 /opt/hisi-linux/x86-arm/arm-himix200-linux/host_bin/../lib/gcc/arm-linux-gnueabi/6.3.0/../../../../arm-linux-gnueabi/include
 /opt/hisi-linux/x86-arm/arm-himix200-linux/host_bin/../target/usr/include
End of search list.
GNU C++14 (HC&C V100R002C00B021_20180917) version 6.3.0 (arm-linux-gnueabi)
	compiled by GNU C version 4.3.4 [gcc-4_3-branch revision 152973], GMP version 6.1.2, MPFR version 3.1.5, MPC version 1.0.3, isl version none
GGC heuristics: --param ggc-min-expand=100 --param ggc-min-heapsize=131072
Compiler executable checksum: ea52fa0a90d9b8d15a999dd2def43aca
COLLECT_GCC_OPTIONS='-v' '-o' 'CMakeFiles/cmTC_87ae7.dir/CMakeCXXCompilerABI.cpp.o' '-c' '-shared-libgcc' '-mtls-dialect=gnu'
 /opt/hisi-linux/x86-arm/arm-himix200-linux/host_bin/../lib/gcc/arm-linux-gnueabi/6.3.0/../../../../arm-linux-gnueabi/bin/as -v -meabi=5 -o CMakeFiles/cmTC_87ae7.dir/CMakeCXXCompilerABI.cpp.o /tmp/ccqyHLmj.s
GNU assembler version 2.29 (arm-linux-gnueabi) using BFD version (GNU Binutils) 2.29
COMPILER_PATH=/opt/hisi-linux/x86-arm/arm-himix200-linux/host_bin/../libexec/gcc/arm-linux-gnueabi/6.3.0/:/opt/hisi-linux/x86-arm/arm-himix200-linux/host_bin/../libexec/gcc/:/opt/hisi-linux/x86-arm/arm-himix200-linux/host_bin/../lib/gcc/arm-linux-gnueabi/6.3.0/../../../../arm-linux-gnueabi/bin/
LIBRARY_PATH=/opt/hisi-linux/x86-arm/arm-himix200-linux/host_bin/../lib/gcc/arm-linux-gnueabi/6.3.0/:/opt/hisi-linux/x86-arm/arm-himix200-linux/host_bin/../lib/gcc/:/opt/hisi-linux/x86-arm/arm-himix200-linux/host_bin/../lib/gcc/arm-linux-gnueabi/6.3.0/../../../../arm-linux-gnueabi/lib/:/opt/hisi-linux/x86-arm/arm-himix200-linux/host_bin/../target/lib/:/opt/hisi-linux/x86-arm/arm-himix200-linux/host_bin/../target/usr/lib/
COLLECT_GCC_OPTIONS='-v' '-o' 'CMakeFiles/cmTC_87ae7.dir/CMakeCXXCompilerABI.cpp.o' '-c' '-shared-libgcc' '-mtls-dialect=gnu'
Linking CXX executable cmTC_87ae7
/home/zhang/software/clion-2020.3.2/bin/cmake/linux/bin/cmake -E cmake_link_script CMakeFiles/cmTC_87ae7.dir/link.txt --verbose=1
/opt/hisi-linux/x86-arm/arm-himix200-linux/bin/arm-himix200-linux-g++      -v -rdynamic CMakeFiles/cmTC_87ae7.dir/CMakeCXXCompilerABI.cpp.o  -o cmTC_87ae7 
Using built-in specs.
COLLECT_GCC=/opt/hisi-linux/x86-arm/arm-himix200-linux/bin/arm-himix200-linux-g++
COLLECT_LTO_WRAPPER=/opt/hisi-linux/x86-arm/arm-himix200-linux/host_bin/../libexec/gcc/arm-linux-gnueabi/6.3.0/lto-wrapper
Target: arm-linux-gnueabi
Configured with: /usr1/code/CODE_CCTD_V1R2C00/code/current/SDK_CPU_UNIFIED/build/script/arm-himix200-linux/arm_himix200_build_dir/src/gcc-6.3.0/configure --host=i586-suse-linux --build=i586-suse-linux --target=arm-linux-gnueabi --prefix=/usr1/code/CODE_CCTD_V1R2C00/code/current/SDK_CPU_UNIFIED/build/script/arm-himix200-linux/arm_himix200_build_dir/install --enable-threads --disable-libmudflap --disable-libssp --disable-libstdcxx-pch --with-gnu-as --with-gnu-ld --enable-languages=c,c++ --enable-shared --enable-lto --enable-symvers=gnu --enable-__cxa_atexit --enable-nls --enable-clocale=gnu --enable-extra-hisi-multilibs --with-sysroot=/usr1/code/CODE_CCTD_V1R2C00/code/current/SDK_CPU_UNIFIED/build/script/arm-himix200-linux/arm_himix200_build_dir/install/target --with-build-sysroot=/usr1/code/CODE_CCTD_V1R2C00/code/current/SDK_CPU_UNIFIED/build/script/arm-himix200-linux/arm_himix200_build_dir/install/target --with-gmp=/usr1/code/CODE_CCTD_V1R2C00/code/current/SDK_CPU_UNIFIED/build/script/arm-himix200-linux/arm_himix200_build_dir/obj/host-libs/usr --with-mpfr=/usr1/code/CODE_CCTD_V1R2C00/code/current/SDK_CPU_UNIFIED/build/script/arm-himix200-linux/arm_himix200_build_dir/obj/host-libs/usr --with-mpc=/usr1/code/CODE_CCTD_V1R2C00/code/current/SDK_CPU_UNIFIED/build/script/arm-himix200-linux/arm_himix200_build_dir/obj/host-libs/usr --enable-libgomp --disable-libitm --enable-poison-system-directories --with-pkgversion='HC&C V100R002C00B021_20180917'
Thread model: posix
gcc version 6.3.0 (HC&C V100R002C00B021_20180917) 
COMPILER_PATH=/opt/hisi-linux/x86-arm/arm-himix200-linux/host_bin/../libexec/gcc/arm-linux-gnueabi/6.3.0/:/opt/hisi-linux/x86-arm/arm-himix200-linux/host_bin/../libexec/gcc/:/opt/hisi-linux/x86-arm/arm-himix200-linux/host_bin/../lib/gcc/arm-linux-gnueabi/6.3.0/../../../../arm-linux-gnueabi/bin/
LIBRARY_PATH=/opt/hisi-linux/x86-arm/arm-himix200-linux/host_bin/../lib/gcc/arm-linux-gnueabi/6.3.0/:/opt/hisi-linux/x86-arm/arm-himix200-linux/host_bin/../lib/gcc/:/opt/hisi-linux/x86-arm/arm-himix200-linux/host_bin/../lib/gcc/arm-linux-gnueabi/6.3.0/../../../../arm-linux-gnueabi/lib/:/opt/hisi-linux/x86-arm/arm-himix200-linux/host_bin/../target/lib/:/opt/hisi-linux/x86-arm/arm-himix200-linux/host_bin/../target/usr/lib/
COLLECT_GCC_OPTIONS='-v' '-rdynamic' '-o' 'cmTC_87ae7' '-shared-libgcc' '-mtls-dialect=gnu'
 /opt/hisi-linux/x86-arm/arm-himix200-linux/host_bin/../libexec/gcc/arm-linux-gnueabi/6.3.0/collect2 --sysroot=/opt/hisi-linux/x86-arm/arm-himix200-linux/host_bin/../target --eh-frame-hdr -export-dynamic -dynamic-linker /lib/ld-linux.so.3 -X -m armelf_linux_eabi -o cmTC_87ae7 /opt/hisi-linux/x86-arm/arm-himix200-linux/host_bin/../target/usr/lib/crt1.o /opt/hisi-linux/x86-arm/arm-himix200-linux/host_bin/../target/usr/lib/crti.o /opt/hisi-linux/x86-arm/arm-himix200-linux/host_bin/../lib/gcc/arm-linux-gnueabi/6.3.0/crtbegin.o -L/opt/hisi-linux/x86-arm/arm-himix200-linux/host_bin/../lib/gcc/arm-linux-gnueabi/6.3.0 -L/opt/hisi-linux/x86-arm/arm-himix200-linux/host_bin/../lib/gcc -L/opt/hisi-linux/x86-arm/arm-himix200-linux/host_bin/../lib/gcc/arm-linux-gnueabi/6.3.0/../../../../arm-linux-gnueabi/lib -L/opt/hisi-linux/x86-arm/arm-himix200-linux/host_bin/../target/lib -L/opt/hisi-linux/x86-arm/arm-himix200-linux/host_bin/../target/usr/lib CMakeFiles/cmTC_87ae7.dir/CMakeCXXCompilerABI.cpp.o -lstdc++ -lm -lgcc_s -lgcc -lc -lgcc_s -lgcc /opt/hisi-linux/x86-arm/arm-himix200-linux/host_bin/../lib/gcc/arm-linux-gnueabi/6.3.0/crtend.o /opt/hisi-linux/x86-arm/arm-himix200-linux/host_bin/../target/usr/lib/crtn.o
COLLECT_GCC_OPTIONS='-v' '-rdynamic' '-o' 'cmTC_87ae7' '-shared-libgcc' '-mtls-dialect=gnu'
make[1]: Leaving directory '/home/zhang/C_server/Hi3519_JPG2YUV/cmake-build-debug/CMakeFiles/CMakeTmp'



Parsed CXX implicit include dir info from above output: rv=done
  found start of include info
  found start of implicit include info
    add: [/opt/hisi-linux/x86-arm/arm-himix200-linux/host_bin/../lib/gcc/arm-linux-gnueabi/6.3.0/../../../../arm-linux-gnueabi/include/c++/6.3.0]
    add: [/opt/hisi-linux/x86-arm/arm-himix200-linux/host_bin/../lib/gcc/arm-linux-gnueabi/6.3.0/../../../../arm-linux-gnueabi/include/c++/6.3.0/arm-linux-gnueabi]
    add: [/opt/hisi-linux/x86-arm/arm-himix200-linux/host_bin/../lib/gcc/arm-linux-gnueabi/6.3.0/../../../../arm-linux-gnueabi/include/c++/6.3.0/backward]
    add: [/opt/hisi-linux/x86-arm/arm-himix200-linux/host_bin/../lib/gcc/arm-linux-gnueabi/6.3.0/include]
    add: [/opt/hisi-linux/x86-arm/arm-himix200-linux/host_bin/../lib/gcc/arm-linux-gnueabi/6.3.0/include-fixed]
    add: [/opt/hisi-linux/x86-arm/arm-himix200-linux/host_bin/../lib/gcc/arm-linux-gnueabi/6.3.0/../../../../arm-linux-gnueabi/include]
    add: [/opt/hisi-linux/x86-arm/arm-himix200-linux/host_bin/../target/usr/include]
  end of search list found
  collapse include dir [/opt/hisi-linux/x86-arm/arm-himix200-linux/host_bin/../lib/gcc/arm-linux-gnueabi/6.3.0/../../../../arm-linux-gnueabi/include/c++/6.3.0] ==> [/opt/hisi-linux/x86-arm/arm-himix200-linux/arm-linux-gnueabi/include/c++/6.3.0]
  collapse include dir [/opt/hisi-linux/x86-arm/arm-himix200-linux/host_bin/../lib/gcc/arm-linux-gnueabi/6.3.0/../../../../arm-linux-gnueabi/include/c++/6.3.0/arm-linux-gnueabi] ==> [/opt/hisi-linux/x86-arm/arm-himix200-linux/arm-linux-gnueabi/include/c++/6.3.0/arm-linux-gnueabi]
  collapse include dir [/opt/hisi-linux/x86-arm/arm-himix200-linux/host_bin/../lib/gcc/arm-linux-gnueabi/6.3.0/../../../../arm-linux-gnueabi/include/c++/6.3.0/backward] ==> [/opt/hisi-linux/x86-arm/arm-himix200-linux/arm-linux-gnueabi/include/c++/6.3.0/backward]
  collapse include dir [/opt/hisi-linux/x86-arm/arm-himix200-linux/host_bin/../lib/gcc/arm-linux-gnueabi/6.3.0/include] ==> [/opt/hisi-linux/x86-arm/arm-himix200-linux/lib/gcc/arm-linux-gnueabi/6.3.0/include]
  collapse include dir [/opt/hisi-linux/x86-arm/arm-himix200-linux/host_bin/../lib/gcc/arm-linux-gnueabi/6.3.0/include-fixed] ==> [/opt/hisi-linux/x86-arm/arm-himix200-linux/lib/gcc/arm-linux-gnueabi/6.3.0/include-fixed]
  collapse include dir [/opt/hisi-linux/x86-arm/arm-himix200-linux/host_bin/../lib/gcc/arm-linux-gnueabi/6.3.0/../../../../arm-linux-gnueabi/include] ==> [/opt/hisi-linux/x86-arm/arm-himix200-linux/arm-linux-gnueabi/include]
  collapse include dir [/opt/hisi-linux/x86-arm/arm-himix200-linux/host_bin/../target/usr/include] ==> [/opt/hisi-linux/x86-arm/arm-himix200-linux/target/usr/include]
  implicit include dirs: [/opt/hisi-linux/x86-arm/arm-himix200-linux/arm-linux-gnueabi/include/c++/6.3.0;/opt/hisi-linux/x86-arm/arm-himix200-linux/arm-linux-gnueabi/include/c++/6.3.0/arm-linux-gnueabi;/opt/hisi-linux/x86-arm/arm-himix200-linux/arm-linux-gnueabi/include/c++/6.3.0/backward;/opt/hisi-linux/x86-arm/arm-himix200-linux/lib/gcc/arm-linux-gnueabi/6.3.0/include;/opt/hisi-linux/x86-arm/arm-himix200-linux/lib/gcc/arm-linux-gnueabi/6.3.0/include-fixed;/opt/hisi-linux/x86-arm/arm-himix200-linux/arm-linux-gnueabi/include;/opt/hisi-linux/x86-arm/arm-himix200-linux/target/usr/include]


Parsed CXX implicit link information from above output:
  link line regex: [^( *|.*[/\])(ld|CMAKE_LINK_STARTFILE-NOTFOUND|([^/\]+-)?ld|collect2)[^/\]*( |$)]
  ignore line: [Change Dir: /home/zhang/C_server/Hi3519_JPG2YUV/cmake-build-debug/CMakeFiles/CMakeTmp]
  ignore line: []
  ignore line: [Run Build Command(s):/usr/bin/make cmTC_87ae7/fast && /usr/bin/make  -f CMakeFiles/cmTC_87ae7.dir/build.make CMakeFiles/cmTC_87ae7.dir/build]
  ignore line: [make[1]: Entering directory '/home/zhang/C_server/Hi3519_JPG2YUV/cmake-build-debug/CMakeFiles/CMakeTmp']
  ignore line: [Building CXX object CMakeFiles/cmTC_87ae7.dir/CMakeCXXCompilerABI.cpp.o]
  ignore line: [/opt/hisi-linux/x86-arm/arm-himix200-linux/bin/arm-himix200-linux-g++    -v -o CMakeFiles/cmTC_87ae7.dir/CMakeCXXCompilerABI.cpp.o -c /home/zhang/software/clion-2020.3.2/bin/cmake/linux/share/cmake-3.17/Modules/CMakeCXXCompilerABI.cpp]
  ignore line: [Using built-in specs.]
  ignore line: [COLLECT_GCC=/opt/hisi-linux/x86-arm/arm-himix200-linux/bin/arm-himix200-linux-g++]
  ignore line: [Target: arm-linux-gnueabi]
  ignore line: [Configured with: /usr1/code/CODE_CCTD_V1R2C00/code/current/SDK_CPU_UNIFIED/build/script/arm-himix200-linux/arm_himix200_build_dir/src/gcc-6.3.0/configure --host=i586-suse-linux --build=i586-suse-linux --target=arm-linux-gnueabi --prefix=/usr1/code/CODE_CCTD_V1R2C00/code/current/SDK_CPU_UNIFIED/build/script/arm-himix200-linux/arm_himix200_build_dir/install --enable-threads --disable-libmudflap --disable-libssp --disable-libstdcxx-pch --with-gnu-as --with-gnu-ld --enable-languages=c,c++ --enable-shared --enable-lto --enable-symvers=gnu --enable-__cxa_atexit --enable-nls --enable-clocale=gnu --enable-extra-hisi-multilibs --with-sysroot=/usr1/code/CODE_CCTD_V1R2C00/code/current/SDK_CPU_UNIFIED/build/script/arm-himix200-linux/arm_himix200_build_dir/install/target --with-build-sysroot=/usr1/code/CODE_CCTD_V1R2C00/code/current/SDK_CPU_UNIFIED/build/script/arm-himix200-linux/arm_himix200_build_dir/install/target --with-gmp=/usr1/code/CODE_CCTD_V1R2C00/code/current/SDK_CPU_UNIFIED/build/script/arm-himix200-linux/arm_himix200_build_dir/obj/host-libs/usr --with-mpfr=/usr1/code/CODE_CCTD_V1R2C00/code/current/SDK_CPU_UNIFIED/build/script/arm-himix200-linux/arm_himix200_build_dir/obj/host-libs/usr --with-mpc=/usr1/code/CODE_CCTD_V1R2C00/code/current/SDK_CPU_UNIFIED/build/script/arm-himix200-linux/arm_himix200_build_dir/obj/host-libs/usr --enable-libgomp --disable-libitm --enable-poison-system-directories --with-pkgversion='HC&C V100R002C00B021_20180917']
  ignore line: [Thread model: posix]
  ignore line: [gcc version 6.3.0 (HC&C V100R002C00B021_20180917) ]
  ignore line: [COLLECT_GCC_OPTIONS='-v' '-o' 'CMakeFiles/cmTC_87ae7.dir/CMakeCXXCompilerABI.cpp.o' '-c' '-shared-libgcc' '-mtls-dialect=gnu']
  ignore line: [ /opt/hisi-linux/x86-arm/arm-himix200-linux/host_bin/../libexec/gcc/arm-linux-gnueabi/6.3.0/cc1plus -quiet -v -iprefix /opt/hisi-linux/x86-arm/arm-himix200-linux/host_bin/../lib/gcc/arm-linux-gnueabi/6.3.0/ -isysroot /opt/hisi-linux/x86-arm/arm-himix200-linux/host_bin/../target -D_GNU_SOURCE /home/zhang/software/clion-2020.3.2/bin/cmake/linux/share/cmake-3.17/Modules/CMakeCXXCompilerABI.cpp -quiet -dumpbase CMakeCXXCompilerABI.cpp -mtls-dialect=gnu -auxbase-strip CMakeFiles/cmTC_87ae7.dir/CMakeCXXCompilerABI.cpp.o -version -o /tmp/ccqyHLmj.s]
  ignore line: [GNU C++14 (HC&C V100R002C00B021_20180917) version 6.3.0 (arm-linux-gnueabi)]
  ignore line: [	compiled by GNU C version 4.3.4 [gcc-4_3-branch revision 152973]  GMP version 6.1.2  MPFR version 3.1.5  MPC version 1.0.3  isl version none]
  ignore line: [GGC heuristics: --param ggc-min-expand=100 --param ggc-min-heapsize=131072]
  ignore line: [ignoring duplicate directory "/opt/hisi-linux/x86-arm/arm-himix200-linux/host_bin/../lib/gcc/../../lib/gcc/arm-linux-gnueabi/6.3.0/../../../../arm-linux-gnueabi/include/c++/6.3.0"]
  ignore line: [ignoring duplicate directory "/opt/hisi-linux/x86-arm/arm-himix200-linux/host_bin/../lib/gcc/../../lib/gcc/arm-linux-gnueabi/6.3.0/../../../../arm-linux-gnueabi/include/c++/6.3.0/arm-linux-gnueabi"]
  ignore line: [ignoring duplicate directory "/opt/hisi-linux/x86-arm/arm-himix200-linux/host_bin/../lib/gcc/../../lib/gcc/arm-linux-gnueabi/6.3.0/../../../../arm-linux-gnueabi/include/c++/6.3.0/backward"]
  ignore line: [ignoring duplicate directory "/opt/hisi-linux/x86-arm/arm-himix200-linux/host_bin/../lib/gcc/../../lib/gcc/arm-linux-gnueabi/6.3.0/include"]
  ignore line: [ignoring nonexistent directory "/opt/hisi-linux/x86-arm/arm-himix200-linux/host_bin/../target/usr/local/include"]
  ignore line: [ignoring duplicate directory "/opt/hisi-linux/x86-arm/arm-himix200-linux/host_bin/../lib/gcc/../../lib/gcc/arm-linux-gnueabi/6.3.0/include-fixed"]
  ignore line: [ignoring duplicate directory "/opt/hisi-linux/x86-arm/arm-himix200-linux/host_bin/../lib/gcc/../../lib/gcc/arm-linux-gnueabi/6.3.0/../../../../arm-linux-gnueabi/include"]
  ignore line: [#include "..." search starts here:]
  ignore line: [#include <...> search starts here:]
  ignore line: [ /opt/hisi-linux/x86-arm/arm-himix200-linux/host_bin/../lib/gcc/arm-linux-gnueabi/6.3.0/../../../../arm-linux-gnueabi/include/c++/6.3.0]
  ignore line: [ /opt/hisi-linux/x86-arm/arm-himix200-linux/host_bin/../lib/gcc/arm-linux-gnueabi/6.3.0/../../../../arm-linux-gnueabi/include/c++/6.3.0/arm-linux-gnueabi]
  ignore line: [ /opt/hisi-linux/x86-arm/arm-himix200-linux/host_bin/../lib/gcc/arm-linux-gnueabi/6.3.0/../../../../arm-linux-gnueabi/include/c++/6.3.0/backward]
  ignore line: [ /opt/hisi-linux/x86-arm/arm-himix200-linux/host_bin/../lib/gcc/arm-linux-gnueabi/6.3.0/include]
  ignore line: [ /opt/hisi-linux/x86-arm/arm-himix200-linux/host_bin/../lib/gcc/arm-linux-gnueabi/6.3.0/include-fixed]
  ignore line: [ /opt/hisi-linux/x86-arm/arm-himix200-linux/host_bin/../lib/gcc/arm-linux-gnueabi/6.3.0/../../../../arm-linux-gnueabi/include]
  ignore line: [ /opt/hisi-linux/x86-arm/arm-himix200-linux/host_bin/../target/usr/include]
  ignore line: [End of search list.]
  ignore line: [GNU C++14 (HC&C V100R002C00B021_20180917) version 6.3.0 (arm-linux-gnueabi)]
  ignore line: [	compiled by GNU C version 4.3.4 [gcc-4_3-branch revision 152973]  GMP version 6.1.2  MPFR version 3.1.5  MPC version 1.0.3  isl version none]
  ignore line: [GGC heuristics: --param ggc-min-expand=100 --param ggc-min-heapsize=131072]
  ignore line: [Compiler executable checksum: ea52fa0a90d9b8d15a999dd2def43aca]
  ignore line: [COLLECT_GCC_OPTIONS='-v' '-o' 'CMakeFiles/cmTC_87ae7.dir/CMakeCXXCompilerABI.cpp.o' '-c' '-shared-libgcc' '-mtls-dialect=gnu']
  ignore line: [ /opt/hisi-linux/x86-arm/arm-himix200-linux/host_bin/../lib/gcc/arm-linux-gnueabi/6.3.0/../../../../arm-linux-gnueabi/bin/as -v -meabi=5 -o CMakeFiles/cmTC_87ae7.dir/CMakeCXXCompilerABI.cpp.o /tmp/ccqyHLmj.s]
  ignore line: [GNU assembler version 2.29 (arm-linux-gnueabi) using BFD version (GNU Binutils) 2.29]
  ignore line: [COMPILER_PATH=/opt/hisi-linux/x86-arm/arm-himix200-linux/host_bin/../libexec/gcc/arm-linux-gnueabi/6.3.0/:/opt/hisi-linux/x86-arm/arm-himix200-linux/host_bin/../libexec/gcc/:/opt/hisi-linux/x86-arm/arm-himix200-linux/host_bin/../lib/gcc/arm-linux-gnueabi/6.3.0/../../../../arm-linux-gnueabi/bin/]
  ignore line: [LIBRARY_PATH=/opt/hisi-linux/x86-arm/arm-himix200-linux/host_bin/../lib/gcc/arm-linux-gnueabi/6.3.0/:/opt/hisi-linux/x86-arm/arm-himix200-linux/host_bin/../lib/gcc/:/opt/hisi-linux/x86-arm/arm-himix200-linux/host_bin/../lib/gcc/arm-linux-gnueabi/6.3.0/../../../../arm-linux-gnueabi/lib/:/opt/hisi-linux/x86-arm/arm-himix200-linux/host_bin/../target/lib/:/opt/hisi-linux/x86-arm/arm-himix200-linux/host_bin/../target/usr/lib/]
  ignore line: [COLLECT_GCC_OPTIONS='-v' '-o' 'CMakeFiles/cmTC_87ae7.dir/CMakeCXXCompilerABI.cpp.o' '-c' '-shared-libgcc' '-mtls-dialect=gnu']
  ignore line: [Linking CXX executable cmTC_87ae7]
  ignore line: [/home/zhang/software/clion-2020.3.2/bin/cmake/linux/bin/cmake -E cmake_link_script CMakeFiles/cmTC_87ae7.dir/link.txt --verbose=1]
  ignore line: [/opt/hisi-linux/x86-arm/arm-himix200-linux/bin/arm-himix200-linux-g++      -v -rdynamic CMakeFiles/cmTC_87ae7.dir/CMakeCXXCompilerABI.cpp.o  -o cmTC_87ae7 ]
  ignore line: [Using built-in specs.]
  ignore line: [COLLECT_GCC=/opt/hisi-linux/x86-arm/arm-himix200-linux/bin/arm-himix200-linux-g++]
  ignore line: [COLLECT_LTO_WRAPPER=/opt/hisi-linux/x86-arm/arm-himix200-linux/host_bin/../libexec/gcc/arm-linux-gnueabi/6.3.0/lto-wrapper]
  ignore line: [Target: arm-linux-gnueabi]
  ignore line: [Configured with: /usr1/code/CODE_CCTD_V1R2C00/code/current/SDK_CPU_UNIFIED/build/script/arm-himix200-linux/arm_himix200_build_dir/src/gcc-6.3.0/configure --host=i586-suse-linux --build=i586-suse-linux --target=arm-linux-gnueabi --prefix=/usr1/code/CODE_CCTD_V1R2C00/code/current/SDK_CPU_UNIFIED/build/script/arm-himix200-linux/arm_himix200_build_dir/install --enable-threads --disable-libmudflap --disable-libssp --disable-libstdcxx-pch --with-gnu-as --with-gnu-ld --enable-languages=c,c++ --enable-shared --enable-lto --enable-symvers=gnu --enable-__cxa_atexit --enable-nls --enable-clocale=gnu --enable-extra-hisi-multilibs --with-sysroot=/usr1/code/CODE_CCTD_V1R2C00/code/current/SDK_CPU_UNIFIED/build/script/arm-himix200-linux/arm_himix200_build_dir/install/target --with-build-sysroot=/usr1/code/CODE_CCTD_V1R2C00/code/current/SDK_CPU_UNIFIED/build/script/arm-himix200-linux/arm_himix200_build_dir/install/target --with-gmp=/usr1/code/CODE_CCTD_V1R2C00/code/current/SDK_CPU_UNIFIED/build/script/arm-himix200-linux/arm_himix200_build_dir/obj/host-libs/usr --with-mpfr=/usr1/code/CODE_CCTD_V1R2C00/code/current/SDK_CPU_UNIFIED/build/script/arm-himix200-linux/arm_himix200_build_dir/obj/host-libs/usr --with-mpc=/usr1/code/CODE_CCTD_V1R2C00/code/current/SDK_CPU_UNIFIED/build/script/arm-himix200-linux/arm_himix200_build_dir/obj/host-libs/usr --enable-libgomp --disable-libitm --enable-poison-system-directories --with-pkgversion='HC&C V100R002C00B021_20180917']
  ignore line: [Thread model: posix]
  ignore line: [gcc version 6.3.0 (HC&C V100R002C00B021_20180917) ]
  ignore line: [COMPILER_PATH=/opt/hisi-linux/x86-arm/arm-himix200-linux/host_bin/../libexec/gcc/arm-linux-gnueabi/6.3.0/:/opt/hisi-linux/x86-arm/arm-himix200-linux/host_bin/../libexec/gcc/:/opt/hisi-linux/x86-arm/arm-himix200-linux/host_bin/../lib/gcc/arm-linux-gnueabi/6.3.0/../../../../arm-linux-gnueabi/bin/]
  ignore line: [LIBRARY_PATH=/opt/hisi-linux/x86-arm/arm-himix200-linux/host_bin/../lib/gcc/arm-linux-gnueabi/6.3.0/:/opt/hisi-linux/x86-arm/arm-himix200-linux/host_bin/../lib/gcc/:/opt/hisi-linux/x86-arm/arm-himix200-linux/host_bin/../lib/gcc/arm-linux-gnueabi/6.3.0/../../../../arm-linux-gnueabi/lib/:/opt/hisi-linux/x86-arm/arm-himix200-linux/host_bin/../target/lib/:/opt/hisi-linux/x86-arm/arm-himix200-linux/host_bin/../target/usr/lib/]
  ignore line: [COLLECT_GCC_OPTIONS='-v' '-rdynamic' '-o' 'cmTC_87ae7' '-shared-libgcc' '-mtls-dialect=gnu']
  link line: [ /opt/hisi-linux/x86-arm/arm-himix200-linux/host_bin/../libexec/gcc/arm-linux-gnueabi/6.3.0/collect2 --sysroot=/opt/hisi-linux/x86-arm/arm-himix200-linux/host_bin/../target --eh-frame-hdr -export-dynamic -dynamic-linker /lib/ld-linux.so.3 -X -m armelf_linux_eabi -o cmTC_87ae7 /opt/hisi-linux/x86-arm/arm-himix200-linux/host_bin/../target/usr/lib/crt1.o /opt/hisi-linux/x86-arm/arm-himix200-linux/host_bin/../target/usr/lib/crti.o /opt/hisi-linux/x86-arm/arm-himix200-linux/host_bin/../lib/gcc/arm-linux-gnueabi/6.3.0/crtbegin.o -L/opt/hisi-linux/x86-arm/arm-himix200-linux/host_bin/../lib/gcc/arm-linux-gnueabi/6.3.0 -L/opt/hisi-linux/x86-arm/arm-himix200-linux/host_bin/../lib/gcc -L/opt/hisi-linux/x86-arm/arm-himix200-linux/host_bin/../lib/gcc/arm-linux-gnueabi/6.3.0/../../../../arm-linux-gnueabi/lib -L/opt/hisi-linux/x86-arm/arm-himix200-linux/host_bin/../target/lib -L/opt/hisi-linux/x86-arm/arm-himix200-linux/host_bin/../target/usr/lib CMakeFiles/cmTC_87ae7.dir/CMakeCXXCompilerABI.cpp.o -lstdc++ -lm -lgcc_s -lgcc -lc -lgcc_s -lgcc /opt/hisi-linux/x86-arm/arm-himix200-linux/host_bin/../lib/gcc/arm-linux-gnueabi/6.3.0/crtend.o /opt/hisi-linux/x86-arm/arm-himix200-linux/host_bin/../target/usr/lib/crtn.o]
    arg [/opt/hisi-linux/x86-arm/arm-himix200-linux/host_bin/../libexec/gcc/arm-linux-gnueabi/6.3.0/collect2] ==> ignore
    arg [--sysroot=/opt/hisi-linux/x86-arm/arm-himix200-linux/host_bin/../target] ==> ignore
    arg [--eh-frame-hdr] ==> ignore
    arg [-export-dynamic] ==> ignore
    arg [-dynamic-linker] ==> ignore
    arg [/lib/ld-linux.so.3] ==> ignore
    arg [-X] ==> ignore
    arg [-m] ==> ignore
    arg [armelf_linux_eabi] ==> ignore
    arg [-o] ==> ignore
    arg [cmTC_87ae7] ==> ignore
    arg [/opt/hisi-linux/x86-arm/arm-himix200-linux/host_bin/../target/usr/lib/crt1.o] ==> ignore
    arg [/opt/hisi-linux/x86-arm/arm-himix200-linux/host_bin/../target/usr/lib/crti.o] ==> ignore
    arg [/opt/hisi-linux/x86-arm/arm-himix200-linux/host_bin/../lib/gcc/arm-linux-gnueabi/6.3.0/crtbegin.o] ==> ignore
    arg [-L/opt/hisi-linux/x86-arm/arm-himix200-linux/host_bin/../lib/gcc/arm-linux-gnueabi/6.3.0] ==> dir [/opt/hisi-linux/x86-arm/arm-himix200-linux/host_bin/../lib/gcc/arm-linux-gnueabi/6.3.0]
    arg [-L/opt/hisi-linux/x86-arm/arm-himix200-linux/host_bin/../lib/gcc] ==> dir [/opt/hisi-linux/x86-arm/arm-himix200-linux/host_bin/../lib/gcc]
    arg [-L/opt/hisi-linux/x86-arm/arm-himix200-linux/host_bin/../lib/gcc/arm-linux-gnueabi/6.3.0/../../../../arm-linux-gnueabi/lib] ==> dir [/opt/hisi-linux/x86-arm/arm-himix200-linux/host_bin/../lib/gcc/arm-linux-gnueabi/6.3.0/../../../../arm-linux-gnueabi/lib]
    arg [-L/opt/hisi-linux/x86-arm/arm-himix200-linux/host_bin/../target/lib] ==> dir [/opt/hisi-linux/x86-arm/arm-himix200-linux/host_bin/../target/lib]
    arg [-L/opt/hisi-linux/x86-arm/arm-himix200-linux/host_bin/../target/usr/lib] ==> dir [/opt/hisi-linux/x86-arm/arm-himix200-linux/host_bin/../target/usr/lib]
    arg [CMakeFiles/cmTC_87ae7.dir/CMakeCXXCompilerABI.cpp.o] ==> ignore
    arg [-lstdc++] ==> lib [stdc++]
    arg [-lm] ==> lib [m]
    arg [-lgcc_s] ==> lib [gcc_s]
    arg [-lgcc] ==> lib [gcc]
    arg [-lc] ==> lib [c]
    arg [-lgcc_s] ==> lib [gcc_s]
    arg [-lgcc] ==> lib [gcc]
    arg [/opt/hisi-linux/x86-arm/arm-himix200-linux/host_bin/../lib/gcc/arm-linux-gnueabi/6.3.0/crtend.o] ==> ignore
    arg [/opt/hisi-linux/x86-arm/arm-himix200-linux/host_bin/../target/usr/lib/crtn.o] ==> ignore
  collapse library dir [/opt/hisi-linux/x86-arm/arm-himix200-linux/host_bin/../lib/gcc/arm-linux-gnueabi/6.3.0] ==> [/opt/hisi-linux/x86-arm/arm-himix200-linux/lib/gcc/arm-linux-gnueabi/6.3.0]
  collapse library dir [/opt/hisi-linux/x86-arm/arm-himix200-linux/host_bin/../lib/gcc] ==> [/opt/hisi-linux/x86-arm/arm-himix200-linux/lib/gcc]
  collapse library dir [/opt/hisi-linux/x86-arm/arm-himix200-linux/host_bin/../lib/gcc/arm-linux-gnueabi/6.3.0/../../../../arm-linux-gnueabi/lib] ==> [/opt/hisi-linux/x86-arm/arm-himix200-linux/arm-linux-gnueabi/lib]
  collapse library dir [/opt/hisi-linux/x86-arm/arm-himix200-linux/host_bin/../target/lib] ==> [/opt/hisi-linux/x86-arm/arm-himix200-linux/target/lib]
  collapse library dir [/opt/hisi-linux/x86-arm/arm-himix200-linux/host_bin/../target/usr/lib] ==> [/opt/hisi-linux/x86-arm/arm-himix200-linux/target/usr/lib]
  implicit libs: [stdc++;m;gcc_s;gcc;c;gcc_s;gcc]
  implicit dirs: [/opt/hisi-linux/x86-arm/arm-himix200-linux/lib/gcc/arm-linux-gnueabi/6.3.0;/opt/hisi-linux/x86-arm/arm-himix200-linux/lib/gcc;/opt/hisi-linux/x86-arm/arm-himix200-linux/arm-linux-gnueabi/lib;/opt/hisi-linux/x86-arm/arm-himix200-linux/target/lib;/opt/hisi-linux/x86-arm/arm-himix200-linux/target/usr/lib]
  implicit fwks: []


